2020-12-10 21:47:14,521 INFO o.a.j.u.JMeterUtils: Setting Locale to en_PH
2020-12-10 21:47:14,552 INFO o.a.j.JMeter: Loading user properties from: /home/devorh/Documents/softwares/apache-jmeter-5.3/bin/user.properties
2020-12-10 21:47:14,563 INFO o.a.j.JMeter: Loading system properties from: /home/devorh/Documents/softwares/apache-jmeter-5.3/bin/system.properties
2020-12-10 21:47:14,573 INFO o.a.j.JMeter: Copyright (c) 1998-2020 The Apache Software Foundation
2020-12-10 21:47:14,574 INFO o.a.j.JMeter: Version 5.3
2020-12-10 21:47:14,574 INFO o.a.j.JMeter: java.version=1.8.0_275
2020-12-10 21:47:14,574 INFO o.a.j.JMeter: java.vm.name=OpenJDK 64-Bit Server VM
2020-12-10 21:47:14,574 INFO o.a.j.JMeter: os.name=Linux
2020-12-10 21:47:14,574 INFO o.a.j.JMeter: os.arch=amd64
2020-12-10 21:47:14,574 INFO o.a.j.JMeter: os.version=5.4.0-56-generic
2020-12-10 21:47:14,575 INFO o.a.j.JMeter: file.encoding=UTF-8
2020-12-10 21:47:14,575 INFO o.a.j.JMeter: java.awt.headless=true
2020-12-10 21:47:14,575 INFO o.a.j.JMeter: Max memory     =1215823872
2020-12-10 21:47:14,575 INFO o.a.j.JMeter: Available Processors =4
2020-12-10 21:47:14,585 INFO o.a.j.JMeter: Default Locale=English (Philippines)
2020-12-10 21:47:14,585 INFO o.a.j.JMeter: JMeter  Locale=English (Philippines)
2020-12-10 21:47:14,585 INFO o.a.j.JMeter: JMeterHome=/home/devorh/Documents/softwares/apache-jmeter-5.3
2020-12-10 21:47:14,585 INFO o.a.j.JMeter: user.dir  =/home/devorh/Documents/Proj/forent
2020-12-10 21:47:14,586 INFO o.a.j.JMeter: PWD       =/home/devorh/Documents/Proj/forent
2020-12-10 21:47:14,586 INFO o.a.j.JMeter: IP: 127.0.1.1 Name: devorh-HP-Notebook FullName: devorh-HP-Notebook
2020-12-10 21:47:14,596 INFO o.a.j.s.FileServer: Default base='/home/devorh/Documents/Proj/forent'
2020-12-10 21:47:14,600 INFO o.a.j.s.FileServer: Set new base='/home/devorh/Documents/Proj/forent/jmeter'
2020-12-10 21:47:14,866 INFO o.a.j.s.SaveService: Testplan (JMX) version: 2.2. Testlog (JTL) version: 2.2
2020-12-10 21:47:14,915 INFO o.a.j.s.SaveService: Using SaveService properties file encoding UTF-8
2020-12-10 21:47:14,924 INFO o.a.j.s.SaveService: Using SaveService properties version 5.0
2020-12-10 21:47:14,933 INFO o.a.j.s.SaveService: Loading file: /home/devorh/Documents/Proj/forent/jmeter/forent_jmeter.jmx
2020-12-10 21:47:15,029 INFO o.a.j.p.h.s.HTTPSamplerBase: Parser for text/html is org.apache.jmeter.protocol.http.parser.LagartoBasedHtmlParser
2020-12-10 21:47:15,029 INFO o.a.j.p.h.s.HTTPSamplerBase: Parser for application/xhtml+xml is org.apache.jmeter.protocol.http.parser.LagartoBasedHtmlParser
2020-12-10 21:47:15,029 INFO o.a.j.p.h.s.HTTPSamplerBase: Parser for application/xml is org.apache.jmeter.protocol.http.parser.LagartoBasedHtmlParser
2020-12-10 21:47:15,030 INFO o.a.j.p.h.s.HTTPSamplerBase: Parser for text/xml is org.apache.jmeter.protocol.http.parser.LagartoBasedHtmlParser
2020-12-10 21:47:15,030 INFO o.a.j.p.h.s.HTTPSamplerBase: Parser for text/vnd.wap.wml is org.apache.jmeter.protocol.http.parser.RegexpHTMLParser
2020-12-10 21:47:15,030 INFO o.a.j.p.h.s.HTTPSamplerBase: Parser for text/css is org.apache.jmeter.protocol.http.parser.CssParser
2020-12-10 21:47:15,583 INFO o.a.j.JMeter: Creating summariser <summary>
2020-12-10 21:47:15,602 INFO o.a.j.e.StandardJMeterEngine: Running the test!
2020-12-10 21:47:15,605 INFO o.a.j.s.SampleEvent: List of sample_variables: []
2020-12-10 21:47:15,605 INFO o.a.j.s.SampleEvent: List of sample_variables: []
2020-12-10 21:47:15,613 INFO o.a.j.e.u.CompoundVariable: Note: Function class names must contain the string: '.functions.'
2020-12-10 21:47:15,613 INFO o.a.j.e.u.CompoundVariable: Note: Function class names must not contain the string: '.gui.'
2020-12-10 21:47:16,123 INFO o.a.j.JMeter: Running test (1607608036122)
2020-12-10 21:47:16,208 INFO o.a.j.e.StandardJMeterEngine: Starting ThreadGroup: 1 : Thread Group
2020-12-10 21:47:16,208 INFO o.a.j.e.StandardJMeterEngine: Starting 10 threads for group Thread Group.
2020-12-10 21:47:16,208 INFO o.a.j.e.StandardJMeterEngine: Thread will continue on error
2020-12-10 21:47:16,208 INFO o.a.j.t.ThreadGroup: Starting thread group... number=1 threads=10 ramp-up=1 delayedStart=false
2020-12-10 21:47:16,383 INFO o.a.j.t.JMeterThread: Thread started: Thread Group 1-1
2020-12-10 21:47:16,444 INFO o.a.j.p.h.s.HTTPHCAbstractImpl: Local host = devorh-HP-Notebook
2020-12-10 21:47:16,458 INFO o.a.j.p.h.s.HTTPHC4Impl: HTTP request retry count = 0
2020-12-10 21:47:16,463 INFO o.a.j.s.SampleResult: Note: Sample TimeStamps are START times
2020-12-10 21:47:16,464 INFO o.a.j.s.SampleResult: sampleresult.default.encoding is set to ISO-8859-1
2020-12-10 21:47:16,464 INFO o.a.j.s.SampleResult: sampleresult.useNanoTime=true
2020-12-10 21:47:16,464 INFO o.a.j.s.SampleResult: sampleresult.nanoThreadSleep=5000
2020-12-10 21:47:16,722 INFO o.a.j.t.JMeterThread: Thread started: Thread Group 1-2
2020-12-10 21:47:17,059 INFO o.a.j.t.JMeterThread: Thread started: Thread Group 1-3
2020-12-10 21:47:17,524 INFO o.a.j.t.JMeterThread: Thread started: Thread Group 1-4
2020-12-10 21:47:17,889 INFO o.a.j.t.JMeterThread: Thread started: Thread Group 1-5
2020-12-10 21:47:18,142 INFO o.a.j.t.JMeterThread: Thread started: Thread Group 1-6
2020-12-10 21:47:18,614 INFO o.a.j.t.JMeterThread: Thread started: Thread Group 1-7
2020-12-10 21:47:19,120 INFO o.a.j.t.JMeterThread: Thread started: Thread Group 1-8
2020-12-10 21:47:19,511 INFO o.a.j.t.JMeterThread: Thread started: Thread Group 1-9
2020-12-10 21:47:19,911 INFO o.a.j.t.ThreadGroup: Started thread group number 1
2020-12-10 21:47:19,912 INFO o.a.j.e.StandardJMeterEngine: All thread groups have been started
2020-12-10 21:47:19,913 INFO o.a.j.t.JMeterThread: Thread started: Thread Group 1-10
2020-12-10 21:47:22,792 INFO o.a.j.t.JMeterThread: Thread is done: Thread Group 1-1
2020-12-10 21:47:22,792 INFO o.a.j.t.JMeterThread: Thread finished: Thread Group 1-1
2020-12-10 21:47:23,108 INFO o.a.j.t.JMeterThread: Thread is done: Thread Group 1-2
2020-12-10 21:47:23,108 INFO o.a.j.t.JMeterThread: Thread finished: Thread Group 1-2
2020-12-10 21:47:23,194 INFO o.a.j.t.JMeterThread: Thread is done: Thread Group 1-3
2020-12-10 21:47:23,195 INFO o.a.j.t.JMeterThread: Thread finished: Thread Group 1-3
2020-12-10 21:47:23,337 INFO o.a.j.t.JMeterThread: Thread is done: Thread Group 1-4
2020-12-10 21:47:23,337 INFO o.a.j.t.JMeterThread: Thread finished: Thread Group 1-4
2020-12-10 21:47:24,544 INFO o.a.j.t.JMeterThread: Thread is done: Thread Group 1-5
2020-12-10 21:47:24,545 INFO o.a.j.t.JMeterThread: Thread finished: Thread Group 1-5
2020-12-10 21:47:24,734 INFO o.a.j.t.JMeterThread: Thread is done: Thread Group 1-6
2020-12-10 21:47:24,735 INFO o.a.j.t.JMeterThread: Thread finished: Thread Group 1-6
2020-12-10 21:47:25,047 INFO o.a.j.t.JMeterThread: Thread is done: Thread Group 1-7
2020-12-10 21:47:25,048 INFO o.a.j.t.JMeterThread: Thread finished: Thread Group 1-7
2020-12-10 21:47:25,192 INFO o.a.j.t.JMeterThread: Thread is done: Thread Group 1-10
2020-12-10 21:47:25,192 INFO o.a.j.t.JMeterThread: Thread finished: Thread Group 1-10
2020-12-10 21:47:25,234 INFO o.a.j.t.JMeterThread: Thread is done: Thread Group 1-8
2020-12-10 21:47:25,234 INFO o.a.j.t.JMeterThread: Thread finished: Thread Group 1-8
2020-12-10 21:47:25,318 INFO o.a.j.t.JMeterThread: Thread is done: Thread Group 1-9
2020-12-10 21:47:25,318 INFO o.a.j.t.JMeterThread: Thread finished: Thread Group 1-9
2020-12-10 21:47:25,319 INFO o.a.j.e.StandardJMeterEngine: Notifying test listeners of end of test
2020-12-10 21:47:25,324 INFO o.a.j.r.Summariser: summary =    420 in 00:00:09 =   45.7/s Avg:   143 Min:     3 Max:  1431 Err:     0 (0.00%)
