2020-12-10 20:45:27,778 INFO o.a.j.u.JMeterUtils: Setting Locale to en_PH
2020-12-10 20:45:27,809 INFO o.a.j.JMeter: Loading user properties from: /home/devorh/Documents/softwares/apache-jmeter-5.3/bin/user.properties
2020-12-10 20:45:27,810 INFO o.a.j.JMeter: Loading system properties from: /home/devorh/Documents/softwares/apache-jmeter-5.3/bin/system.properties
2020-12-10 20:45:27,815 INFO o.a.j.JMeter: Copyright (c) 1998-2020 The Apache Software Foundation
2020-12-10 20:45:27,815 INFO o.a.j.JMeter: Version 5.3
2020-12-10 20:45:27,815 INFO o.a.j.JMeter: java.version=1.8.0_275
2020-12-10 20:45:27,815 INFO o.a.j.JMeter: java.vm.name=OpenJDK 64-Bit Server VM
2020-12-10 20:45:27,815 INFO o.a.j.JMeter: os.name=Linux
2020-12-10 20:45:27,816 INFO o.a.j.JMeter: os.arch=amd64
2020-12-10 20:45:27,816 INFO o.a.j.JMeter: os.version=5.4.0-56-generic
2020-12-10 20:45:27,816 INFO o.a.j.JMeter: file.encoding=UTF-8
2020-12-10 20:45:27,816 INFO o.a.j.JMeter: java.awt.headless=true
2020-12-10 20:45:27,816 INFO o.a.j.JMeter: Max memory     =1215823872
2020-12-10 20:45:27,817 INFO o.a.j.JMeter: Available Processors =4
2020-12-10 20:45:27,827 INFO o.a.j.JMeter: Default Locale=English (Philippines)
2020-12-10 20:45:27,827 INFO o.a.j.JMeter: JMeter  Locale=English (Philippines)
2020-12-10 20:45:27,827 INFO o.a.j.JMeter: JMeterHome=/home/devorh/Documents/softwares/apache-jmeter-5.3
2020-12-10 20:45:27,828 INFO o.a.j.JMeter: user.dir  =/home/devorh/Documents/Proj/forent/jmeter
2020-12-10 20:45:27,828 INFO o.a.j.JMeter: PWD       =/home/devorh/Documents/Proj/forent/jmeter
2020-12-10 20:45:27,828 INFO o.a.j.JMeter: IP: 127.0.1.1 Name: devorh-HP-Notebook FullName: devorh-HP-Notebook
2020-12-10 20:45:27,837 INFO o.a.j.s.FileServer: Default base='/home/devorh/Documents/Proj/forent/jmeter'
2020-12-10 20:45:27,842 INFO o.a.j.s.FileServer: Set new base='/home/devorh/Documents/Proj/forent/jmeter'
2020-12-10 20:45:28,082 INFO o.a.j.s.SaveService: Testplan (JMX) version: 2.2. Testlog (JTL) version: 2.2
2020-12-10 20:45:28,127 INFO o.a.j.s.SaveService: Using SaveService properties file encoding UTF-8
2020-12-10 20:45:28,136 INFO o.a.j.s.SaveService: Using SaveService properties version 5.0
2020-12-10 20:45:28,147 INFO o.a.j.s.SaveService: Loading file: /home/devorh/Documents/Proj/forent/jmeter/forent_jmeter.jmx
2020-12-10 20:45:28,283 INFO o.a.j.p.h.s.HTTPSamplerBase: Parser for text/html is org.apache.jmeter.protocol.http.parser.LagartoBasedHtmlParser
2020-12-10 20:45:28,283 INFO o.a.j.p.h.s.HTTPSamplerBase: Parser for application/xhtml+xml is org.apache.jmeter.protocol.http.parser.LagartoBasedHtmlParser
2020-12-10 20:45:28,284 INFO o.a.j.p.h.s.HTTPSamplerBase: Parser for application/xml is org.apache.jmeter.protocol.http.parser.LagartoBasedHtmlParser
2020-12-10 20:45:28,284 INFO o.a.j.p.h.s.HTTPSamplerBase: Parser for text/xml is org.apache.jmeter.protocol.http.parser.LagartoBasedHtmlParser
2020-12-10 20:45:28,284 INFO o.a.j.p.h.s.HTTPSamplerBase: Parser for text/vnd.wap.wml is org.apache.jmeter.protocol.http.parser.RegexpHTMLParser
2020-12-10 20:45:28,284 INFO o.a.j.p.h.s.HTTPSamplerBase: Parser for text/css is org.apache.jmeter.protocol.http.parser.CssParser
2020-12-10 20:45:28,786 INFO o.a.j.JMeter: Creating summariser <summary>
2020-12-10 20:45:28,820 INFO o.a.j.e.StandardJMeterEngine: Running the test!
2020-12-10 20:45:28,822 INFO o.a.j.s.SampleEvent: List of sample_variables: []
2020-12-10 20:45:28,822 INFO o.a.j.s.SampleEvent: List of sample_variables: []
2020-12-10 20:45:28,829 INFO o.a.j.e.u.CompoundVariable: Note: Function class names must contain the string: '.functions.'
2020-12-10 20:45:28,829 INFO o.a.j.e.u.CompoundVariable: Note: Function class names must not contain the string: '.gui.'
2020-12-10 20:45:29,411 INFO o.a.j.JMeter: Running test (1607604329411)
2020-12-10 20:45:29,504 INFO o.a.j.e.StandardJMeterEngine: Starting ThreadGroup: 1 : Thread Group
2020-12-10 20:45:29,505 INFO o.a.j.e.StandardJMeterEngine: Starting 10 threads for group Thread Group.
2020-12-10 20:45:29,505 INFO o.a.j.e.StandardJMeterEngine: Thread will continue on error
2020-12-10 20:45:29,505 INFO o.a.j.t.ThreadGroup: Starting thread group... number=1 threads=10 ramp-up=1 delayedStart=false
2020-12-10 20:45:29,663 INFO o.a.j.t.JMeterThread: Thread started: Thread Group 1-1
2020-12-10 20:45:29,740 INFO o.a.j.p.h.s.HTTPHCAbstractImpl: Local host = devorh-HP-Notebook
2020-12-10 20:45:29,761 INFO o.a.j.p.h.s.HTTPHC4Impl: HTTP request retry count = 0
2020-12-10 20:45:29,764 INFO o.a.j.s.SampleResult: Note: Sample TimeStamps are START times
2020-12-10 20:45:29,764 INFO o.a.j.s.SampleResult: sampleresult.default.encoding is set to ISO-8859-1
2020-12-10 20:45:29,765 INFO o.a.j.s.SampleResult: sampleresult.useNanoTime=true
2020-12-10 20:45:29,765 INFO o.a.j.s.SampleResult: sampleresult.nanoThreadSleep=5000
2020-12-10 20:45:30,059 INFO o.a.j.t.JMeterThread: Thread started: Thread Group 1-2
2020-12-10 20:45:30,300 INFO o.a.j.r.Summariser: summary +      1 in 00:00:01 =    1.1/s Avg:   215 Min:   215 Max:   215 Err:     0 (0.00%) Active: 2 Started: 2 Finished: 0
2020-12-10 20:45:30,392 INFO o.a.j.t.JMeterThread: Thread started: Thread Group 1-3
2020-12-10 20:45:30,625 INFO o.a.j.t.JMeterThread: Thread started: Thread Group 1-4
2020-12-10 20:45:30,850 INFO o.a.j.t.JMeterThread: Thread started: Thread Group 1-5
2020-12-10 20:45:31,077 INFO o.a.j.t.JMeterThread: Thread started: Thread Group 1-6
2020-12-10 20:45:31,326 INFO o.a.j.t.JMeterThread: Thread started: Thread Group 1-7
2020-12-10 20:45:31,712 INFO o.a.j.t.JMeterThread: Thread started: Thread Group 1-8
2020-12-10 20:45:32,230 INFO o.a.j.t.JMeterThread: Thread started: Thread Group 1-9
2020-12-10 20:45:32,517 INFO o.a.j.t.ThreadGroup: Started thread group number 1
2020-12-10 20:45:32,517 INFO o.a.j.e.StandardJMeterEngine: All thread groups have been started
2020-12-10 20:45:32,519 INFO o.a.j.t.JMeterThread: Thread started: Thread Group 1-10
2020-12-10 20:45:38,950 INFO o.a.j.t.JMeterThread: Thread is done: Thread Group 1-2
2020-12-10 20:45:38,950 INFO o.a.j.t.JMeterThread: Thread finished: Thread Group 1-2
2020-12-10 20:45:39,406 INFO o.a.j.t.JMeterThread: Thread is done: Thread Group 1-3
2020-12-10 20:45:39,406 INFO o.a.j.t.JMeterThread: Thread finished: Thread Group 1-3
2020-12-10 20:45:39,536 INFO o.a.j.t.JMeterThread: Thread is done: Thread Group 1-1
2020-12-10 20:45:39,537 INFO o.a.j.t.JMeterThread: Thread finished: Thread Group 1-1
2020-12-10 20:45:39,689 INFO o.a.j.t.JMeterThread: Thread is done: Thread Group 1-4
2020-12-10 20:45:39,689 INFO o.a.j.t.JMeterThread: Thread finished: Thread Group 1-4
2020-12-10 20:45:40,008 INFO o.a.j.t.JMeterThread: Thread is done: Thread Group 1-6
2020-12-10 20:45:40,009 INFO o.a.j.t.JMeterThread: Thread finished: Thread Group 1-6
2020-12-10 20:45:40,315 INFO o.a.j.t.JMeterThread: Thread is done: Thread Group 1-7
2020-12-10 20:45:40,315 INFO o.a.j.t.JMeterThread: Thread finished: Thread Group 1-7
2020-12-10 20:45:40,351 INFO o.a.j.t.JMeterThread: Thread is done: Thread Group 1-10
2020-12-10 20:45:40,351 INFO o.a.j.t.JMeterThread: Thread finished: Thread Group 1-10
2020-12-10 20:45:40,367 INFO o.a.j.t.JMeterThread: Thread is done: Thread Group 1-8
2020-12-10 20:45:40,368 INFO o.a.j.t.JMeterThread: Thread finished: Thread Group 1-8
2020-12-10 20:45:40,416 INFO o.a.j.t.JMeterThread: Thread is done: Thread Group 1-9
2020-12-10 20:45:40,421 INFO o.a.j.t.JMeterThread: Thread finished: Thread Group 1-9
2020-12-10 20:45:40,474 INFO o.a.j.t.JMeterThread: Thread is done: Thread Group 1-5
2020-12-10 20:45:40,474 INFO o.a.j.t.JMeterThread: Thread finished: Thread Group 1-5
2020-12-10 20:45:40,476 INFO o.a.j.e.StandardJMeterEngine: Notifying test listeners of end of test
2020-12-10 20:45:40,478 INFO o.a.j.r.Summariser: summary +    419 in 00:00:10 =   41.1/s Avg:   208 Min:     4 Max:  2536 Err:    20 (4.77%) Active: 0 Started: 10 Finished: 10
2020-12-10 20:45:40,478 INFO o.a.j.r.Summariser: summary =    420 in 00:00:11 =   38.0/s Avg:   208 Min:     4 Max:  2536 Err:    20 (4.76%)
